./timescale.v
./defines.v
./align.v
./cc.v       
./instrvalid.v  
./memwrite.v     
./aluA.v       
./cendff.v         
./need_regids.v  
./setcc.v     
./aluB.v       
./cond.v          
./need_valC.v    
./split.v    
./y86seq.v
./alu.v        
./defines.v  
./newpc.v        
./srcA.v   
./ram.v     
./memaddr.v     
./pc_increase.v  
./srcB.v
./bussplit1.v  
./dstE.v     
./memdata.v     
./pc.v           
./stat.v
./bussplit2.v  
./dstM.v     
./memread.v     
./regfile.v      
./test_tb.v

